{"numFailedTestSuites":1,"numFailedTests":1,"numPassedTestSuites":3,"numPassedTests":25,"numPendingTestSuites":0,"numPendingTests":0,"numRuntimeErrorTestSuites":0,"numTodoTests":0,"numTotalTestSuites":4,"numTotalTests":26,"openHandles":[],"snapshot":{"added":0,"didUpdate":false,"failure":false,"filesAdded":0,"filesRemoved":0,"filesRemovedList":[],"filesUnmatched":0,"filesUpdated":0,"matched":0,"total":0,"unchecked":0,"uncheckedKeysByFile":[],"unmatched":0,"updated":0},"startTime":1772273848165,"success":false,"testResults":[{"assertionResults":[{"ancestorTitles":["ProviderDashboard Component"],"duration":990,"failing":false,"failureDetails":[],"failureMessages":[],"fullName":"ProviderDashboard Component renders the HANDI logo","invocations":1,"location":null,"numPassingAsserts":1,"retryReasons":[],"startAt":1772273871194,"status":"passed","title":"renders the HANDI logo"},{"ancestorTitles":["ProviderDashboard Component"],"duration":480,"failing":false,"failureDetails":[],"failureMessages":[],"fullName":"ProviderDashboard Component renders desktop quick nav tabs","invocations":1,"location":null,"numPassingAsserts":5,"retryReasons":[],"startAt":1772273872188,"status":"passed","title":"renders desktop quick nav tabs"},{"ancestorTitles":["ProviderDashboard Component"],"duration":185,"failing":false,"failureDetails":[],"failureMessages":[],"fullName":"ProviderDashboard Component shows DashboardTab by default","invocations":1,"location":null,"numPassingAsserts":1,"retryReasons":[],"startAt":1772273872668,"status":"passed","title":"shows DashboardTab by default"},{"ancestorTitles":["ProviderDashboard Component"],"duration":1157,"failing":false,"failureDetails":[],"failureMessages":[],"fullName":"ProviderDashboard Component has a hamburger button in the header for mobile","invocations":1,"location":null,"numPassingAsserts":1,"retryReasons":[],"startAt":1772273872854,"status":"passed","title":"has a hamburger button in the header for mobile"},{"ancestorTitles":["ProviderDashboard Component"],"duration":1042,"failing":false,"failureDetails":[],"failureMessages":[],"fullName":"ProviderDashboard Component mobile menu renders as side panel (not dropdown)","invocations":1,"location":null,"numPassingAsserts":2,"retryReasons":[],"startAt":1772273874012,"status":"passed","title":"mobile menu renders as side panel (not dropdown)"},{"ancestorTitles":["ProviderDashboard Component"],"duration":1056,"failing":false,"failureDetails":[],"failureMessages":[],"fullName":"ProviderDashboard Component side panel has a close button (X icon)","invocations":1,"location":null,"numPassingAsserts":1,"retryReasons":[],"startAt":1772273875055,"status":"passed","title":"side panel has a close button (X icon)"},{"ancestorTitles":["ProviderDashboard Component"],"duration":374,"failing":false,"failureDetails":[],"failureMessages":[],"fullName":"ProviderDashboard Component switches tabs when clicking tab buttons","invocations":1,"location":null,"numPassingAsserts":1,"retryReasons":[],"startAt":1772273876111,"status":"passed","title":"switches tabs when clicking tab buttons"}],"endTime":1772273876494,"message":"","name":"C:\\handi\\web\\__tests__\\ProviderDashboard.test.tsx","startTime":1772273860670,"status":"passed","summary":""},{"assertionResults":[{"ancestorTitles":["AdminDashboard Component"],"duration":1061,"failing":false,"failureDetails":[],"failureMessages":[],"fullName":"AdminDashboard Component renders the HANDI logo","invocations":1,"location":null,"numPassingAsserts":1,"retryReasons":[],"startAt":1772273870499,"status":"passed","title":"renders the HANDI logo"},{"ancestorTitles":["AdminDashboard Component"],"duration":567,"failing":false,"failureDetails":[],"failureMessages":[],"fullName":"AdminDashboard Component renders the admin role badge","invocations":1,"location":null,"numPassingAsserts":1,"retryReasons":[],"startAt":1772273871568,"status":"passed","title":"renders the admin role badge"},{"ancestorTitles":["AdminDashboard Component"],"duration":479,"failing":false,"failureDetails":[],"failureMessages":[],"fullName":"AdminDashboard Component renders desktop sidebar nav tabs","invocations":1,"location":null,"numPassingAsserts":3,"retryReasons":[],"startAt":1772273872136,"status":"passed","title":"renders desktop sidebar nav tabs"},{"ancestorTitles":["AdminDashboard Component"],"duration":337,"failing":false,"failureDetails":[],"failureMessages":[],"fullName":"AdminDashboard Component shows OverviewTab by default","invocations":1,"location":null,"numPassingAsserts":1,"retryReasons":[],"startAt":1772273872616,"status":"passed","title":"shows OverviewTab by default"},{"ancestorTitles":["AdminDashboard Component"],"duration":1290,"failing":false,"failureDetails":[],"failureMessages":[],"fullName":"AdminDashboard Component has a mobile hamburger button","invocations":1,"location":null,"numPassingAsserts":1,"retryReasons":[],"startAt":1772273872954,"status":"passed","title":"has a mobile hamburger button"},{"ancestorTitles":["AdminDashboard Component"],"duration":2147,"failing":false,"failureDetails":[],"failureMessages":[],"fullName":"AdminDashboard Component mobile menu renders as side panel with user info","invocations":1,"location":null,"numPassingAsserts":2,"retryReasons":[],"startAt":1772273874245,"status":"passed","title":"mobile menu renders as side panel with user info"},{"ancestorTitles":["AdminDashboard Component"],"duration":1294,"failing":false,"failureDetails":[],"failureMessages":[],"fullName":"AdminDashboard Component mobile side panel has logout button","invocations":1,"location":null,"numPassingAsserts":1,"retryReasons":[],"startAt":1772273876394,"status":"passed","title":"mobile side panel has logout button"},{"ancestorTitles":["AdminDashboard Component"],"duration":524,"failing":false,"failureDetails":[],"failureMessages":[],"fullName":"AdminDashboard Component switches tabs when clicking sidebar buttons","invocations":1,"location":null,"numPassingAsserts":0,"retryReasons":[],"startAt":1772273877690,"status":"passed","title":"switches tabs when clicking sidebar buttons"}],"endTime":1772273878255,"message":"","name":"C:\\handi\\web\\__tests__\\AdminDashboard.test.tsx","startTime":1772273860280,"status":"passed","summary":""},{"assertionResults":[{"ancestorTitles":["ClientDashboard Component"],"duration":1222,"failing":false,"failureDetails":[],"failureMessages":[],"fullName":"ClientDashboard Component renders the HANDI logo","invocations":1,"location":null,"numPassingAsserts":1,"retryReasons":[],"startAt":1772273872155,"status":"passed","title":"renders the HANDI logo"},{"ancestorTitles":["ClientDashboard Component"],"duration":870,"failing":false,"failureDetails":[{"name":"TestingLibraryElementError"}],"failureMessages":["TestingLibraryElementError: Found multiple elements with the text: Home\n\nHere are the matching elements:\n\nIgnored nodes: comments, script, style\n\u001b[36m<button\u001b[39m\n  \u001b[33mclass\u001b[39m=\u001b[32m\"quick-nav-pill cursor-pointer active\"\u001b[39m\n\u001b[36m>\u001b[39m\n  \u001b[36m<svg\u001b[39m\n    \u001b[33maria-hidden\u001b[39m=\u001b[32m\"true\"\u001b[39m\n    \u001b[33mclass\u001b[39m=\u001b[32m\"lucide lucide-house\"\u001b[39m\n    \u001b[33mfill\u001b[39m=\u001b[32m\"none\"\u001b[39m\n    \u001b[33mheight\u001b[39m=\u001b[32m\"14\"\u001b[39m\n    \u001b[33mstroke\u001b[39m=\u001b[32m\"currentColor\"\u001b[39m\n    \u001b[33mstroke-linecap\u001b[39m=\u001b[32m\"round\"\u001b[39m\n    \u001b[33mstroke-linejoin\u001b[39m=\u001b[32m\"round\"\u001b[39m\n    \u001b[33mstroke-width\u001b[39m=\u001b[32m\"2\"\u001b[39m\n    \u001b[33mviewBox\u001b[39m=\u001b[32m\"0 0 24 24\"\u001b[39m\n    \u001b[33mwidth\u001b[39m=\u001b[32m\"14\"\u001b[39m\n    \u001b[33mxmlns\u001b[39m=\u001b[32m\"http://www.w3.org/2000/svg\"\u001b[39m\n  \u001b[36m>\u001b[39m\n    \u001b[36m<path\u001b[39m\n      \u001b[33md\u001b[39m=\u001b[32m\"M15 21v-8a1 1 0 0 0-1-1h-4a1 1 0 0 0-1 1v8\"\u001b[39m\n    \u001b[36m/>\u001b[39m\n    \u001b[36m<path\u001b[39m\n      \u001b[33md\u001b[39m=\u001b[32m\"M3 10a2 2 0 0 1 .709-1.528l7-6a2 2 0 0 1 2.582 0l7 6A2 2 0 0 1 21 10v9a2 2 0 0 1-2 2H5a2 2 0 0 1-2-2z\"\u001b[39m\n    \u001b[36m/>\u001b[39m\n  \u001b[36m</svg>\u001b[39m\n  \u001b[0mHome\u001b[0m\n\u001b[36m</button>\u001b[39m\n\nIgnored nodes: comments, script, style\n\u001b[36m<span\u001b[39m\n  \u001b[33mclass\u001b[39m=\u001b[32m\"text-[10px] sm:text-xs font-medium font-bold\"\u001b[39m\n\u001b[36m>\u001b[39m\n  \u001b[0mHome\u001b[0m\n\u001b[36m</span>\u001b[39m\n\n(If this is intentional, then use the `*AllBy*` variant of the query (like `queryAllByText`, `getAllByText`, or `findAllByText`)).\n\nIgnored nodes: comments, script, style\n\u001b[36m<body>\u001b[39m\n  \u001b[36m<div>\u001b[39m\n    \u001b[36m<div\u001b[39m\n      \u001b[33mclass\u001b[39m=\u001b[32m\"min-h-screen bg-gray-50 flex flex-col\"\u001b[39m\n    \u001b[36m>\u001b[39m\n      \u001b[36m<header\u001b[39m\n        \u001b[33mclass\u001b[39m=\u001b[32m\"bg-white border-b border-gray-100 sticky top-0 z-50\"\u001b[39m\n      \u001b[36m>\u001b[39m\n        \u001b[36m<div\u001b[39m\n          \u001b[33mclass\u001b[39m=\u001b[32m\"max-w-7xl mx-auto px-4 sm:px-6 lg:px-8\"\u001b[39m\n        \u001b[36m>\u001b[39m\n          \u001b[36m<div\u001b[39m\n            \u001b[33mclass\u001b[39m=\u001b[32m\"flex items-center justify-between h-16\"\u001b[39m\n          \u001b[36m>\u001b[39m\n            \u001b[36m<div\u001b[39m\n              \u001b[33mclass\u001b[39m=\u001b[32m\"flex items-center gap-2 sm:gap-0\"\u001b[39m\n            \u001b[36m>\u001b[39m\n              \u001b[36m<button\u001b[39m\n                \u001b[33mclass\u001b[39m=\u001b[32m\"sm:hidden p-2 -ml-2 rounded-lg hover:bg-gray-100 text-gray-600 cursor-pointer\"\u001b[39m\n              \u001b[36m>\u001b[39m\n                \u001b[36m<svg\u001b[39m\n                  \u001b[33maria-hidden\u001b[39m=\u001b[32m\"true\"\u001b[39m\n                  \u001b[33mclass\u001b[39m=\u001b[32m\"lucide lucide-menu\"\u001b[39m\n                  \u001b[33mfill\u001b[39m=\u001b[32m\"none\"\u001b[39m\n                  \u001b[33mheight\u001b[39m=\u001b[32m\"20\"\u001b[39m\n                  \u001b[33mstroke\u001b[39m=\u001b[32m\"currentColor\"\u001b[39m\n                  \u001b[33mstroke-linecap\u001b[39m=\u001b[32m\"round\"\u001b[39m\n                  \u001b[33mstroke-linejoin\u001b[39m=\u001b[32m\"round\"\u001b[39m\n                  \u001b[33mstroke-width\u001b[39m=\u001b[32m\"2\"\u001b[39m\n                  \u001b[33mviewBox\u001b[39m=\u001b[32m\"0 0 24 24\"\u001b[39m\n                  \u001b[33mwidth\u001b[39m=\u001b[32m\"20\"\u001b[39m\n                  \u001b[33mxmlns\u001b[39m=\u001b[32m\"http://www.w3.org/2000/svg\"\u001b[39m\n                \u001b[36m>\u001b[39m\n                  \u001b[36m<path\u001b[39m\n                    \u001b[33md\u001b[39m=\u001b[32m\"M4 5h16\"\u001b[39m\n                  \u001b[36m/>\u001b[39m\n                  \u001b[36m<path\u001b[39m\n                    \u001b[33md\u001b[39m=\u001b[32m\"M4 12h16\"\u001b[39m\n                  \u001b[36m/>\u001b[39m\n                  \u001b[36m<path\u001b[39m\n                    \u001b[33md\u001b[39m=\u001b[32m\"M4 19h16\"\u001b[39m\n                  \u001b[36m/>\u001b[39m\n                \u001b[36m</svg>\u001b[39m\n              \u001b[36m</button>\u001b[39m\n              \u001b[36m<button\u001b[39m\n                \u001b[33mclass\u001b[39m=\u001b[32m\"shrink-0 cursor-pointer\"\u001b[39m\n              \u001b[36m>\u001b[39m\n                \u001b[36m<img\u001b[39m\n                  \u001b[33malt\u001b[39m=\u001b[32m\"HANDI\"\u001b[39m\n                  \u001b[33mclass\u001b[39m=\u001b[32m\"h-8 w-auto\"\u001b[39m\n                  \u001b[33mheight\u001b[39m=\u001b[32m\"36\"\u001b[39m\n                  \u001b[33msrc\u001b[39m=\u001b[32m\"/images/handi-logo-light.png\"\u001b[39m\n                  \u001b[33mwidth\u001b[39m=\u001b[32m\"110\"\u001b[39m\n                \u001b[36m/>\u001b[39m\n              \u001b[36m</button>\u001b[39m\n            \u001b[36m</div>\u001b[39m\n            \u001b[36m<div\u001b[39m\n              \u001b[33mclass\u001b[39m=\u001b[32m\"hidden sm:flex flex-1 max-w-xl mx-6 relative\"\u001b[39m\n            \u001b[36m>\u001b[39m\n              \u001b[36m<svg\u001b[39m\n                \u001b[33maria-hidden\u001b[39m=\u001b[32m\"true\"\u001b[39m\n                \u001b[33mclass\u001b[39m=\u001b[32m\"lucide lucide-search absolute left-3.5 top-1/2 -translate-y-1/2 text-gray-400\"\u001b[39m\n                \u001b[33mfill\u001b[39m=\u001b[32m\"none\"\u001b[39m\n                \u001b[33mheight\u001b[39m=\u001b[32m\"18\"\u001b[39m\n                \u001b[33mstroke\u001b[39m=\u001b[32m\"currentColor\"\u001b[39m\n                \u001b[33mstroke-linecap\u001b[39m=\u001b[32m\"round\"\u001b[39m\n                \u001b[33mstroke-linejoin\u001b[39m=\u001b[32m\"round\"\u001b[39m\n                \u001b[33mstroke-width\u001b[39m=\u001b[32m\"2\"\u001b[39m\n                \u001b[33mviewBox\u001b[39m=\u001b[32m\"0 0 24 24\"\u001b[39m\n                \u001b[33mwidth\u001b[39m=\u001b[32m\"18\"\u001b[39m\n                \u001b[33mxmlns\u001b[39m=\u001b[32m\"http://www.w3.org/2000/svg\"\u001b[39m\n              \u001b[36m>\u001b[39m\n                \u001b[36m<path\u001b[39m\n                  \u001b[33md\u001b[39m=\u001b[32m\"m21 21-4.34-4.34\"\u001b[39m\n                \u001b[36m/>\u001b[39m\n                \u001b[36m<circle\u001b[39m\n                  \u001b[33mcx\u001b[39m=\u001b[32m\"11\"\u001b[39m\n                  \u001b[33mcy\u001b[39m=\u001b[32m\"11\"\u001b[39m\n                  \u001b[33mr\u001b[39m=\u001b[32m\"8\"\u001b[39m\n                \u001b[36m/>\u001b[39m\n              \u001b[36m</svg>\u001b[39m\n              \u001b[36m<input\u001b[39m\n                \u001b[33mclass\u001b[39m=\u001b[32m\"w-full pl-10 pr-4 py-2.5 bg-gray-50 border border-gray-200 rounded-full text-sm outline-none focus:ring-2 focus:ring-(--color-primary) focus:border-transparent\"\u001b[39m\n                \u001b[33mplaceholder\u001b[39m=\u001b[32m\"Search services, providers...\"\u001b[39m\n                \u001b[33mtype\u001b[39m=\u001b[32m\"text\"\u001b[39m\n                \u001b[33mvalue\u001b[39m=\u001b[32m\"\"\u001b[39m\n              \u001b[36m/>\u001b[39m\n            \u001b[36m</div>\u001b[39m\n            \u001b[36m<div\u001b[39m\n              \u001b[33mclass\u001b[39m=\u001b[32m\"flex items-center gap-1.5 sm:gap-3\"\u001b[39m\n            \u001b[36m>\u001b[39m\n              \u001b[36m<button\u001b[39m\n                \u001b[33mclass\u001b[39m=\u001b[32m\"p-2 rounded-full hover:bg-gray-100 transition-colors\"\u001b[39m\n                \u001b[33mtitle\u001b[39m=\u001b[32m\"Dark Mode\"\u001b[39m\n              \u001b[36m>\u001b[39m\n                \u001b[36m<svg\u001b[39m\n                  \u001b[33maria-hidden\u001b[39m=\u001b[32m\"true\"\u001b[39m\n                  \u001b[33mclass\u001b[39m=\u001b[32m\"lucide lucide-moon text-gray-600\"\u001b[39m\n                  \u001b[33mfill\u001b[39m=\u001b[32m\"none\"\u001b[39m\n                  \u001b[33mheight\u001b[39m=\u001b[32m\"20\"\u001b[39m\n                  \u001b[33mstroke\u001b[39m=\u001b[32m\"currentColor\"\u001b[39m\n                  \u001b[33mstroke-linecap\u001b[39m=\u001b[32m\"round\"\u001b[39m\n                  \u001b[33mstroke-linejoin\u001b[39m=\u001b[32m\"round\"\u001b[39m\n                  \u001b[33mstroke-width\u001b[39m=\u001b[32m\"2\"\u001b[39m\n                  \u001b[33mviewBox\u001b[39m=\u001b[32m\"0 0 24 24\"\u001b[39m\n                  \u001b[33mwidth\u001b[39m=\u001b[32m\"20\"\u001b[39m\n                  \u001b[33mxmlns\u001b[39m=\u001b[32m\"http://www.w3.org/2000/svg\"\u001b[39m\n                \u001b[36m>\u001b[39m\n                  \u001b[36m<path\u001b[39m\n                    \u001b[33md\u001b[39m=\u001b[32m\"M20.985 12.486a9 9 0 1 1-9.473-9.472c.405-.022.617.46.402.803a6 6 0 0 0 8.268 8.268c.344-.215.825-.004.803.401\"\u001b[39m\n                  \u001b[36m/>\u001b[39m\n                \u001b[36m</svg>\u001b[39m\n              \u001b[36m</button>\u001b[39m\n              \u001b[36m<button\u001b[39m\n                \u001b[33mclass\u001b[39m=\u001b[32m\"relative p-2 rounded-full hover:bg-gray-100 transition-colors\"\u001b[39m\n                \u001b[33mtitle\u001b[39m=\u001b[32m\"Cart\"\u001b[39m\n              \u001b[36m>\u001b[39m\n                \u001b[36m<svg\u001b[39m\n                  \u001b[33maria-hidden\u001b[39m=\u001b[32m\"true\"\u001b[39m\n                  \u001b[33mclass\u001b[39m=\u001b[32m\"lucide lucide-shopping-cart text-gray-600\"\u001b[39m\n                  \u001b[33mfill\u001b[39m=\u001b[32m\"none\"\u001b[39m\n                  \u001b[33mheight\u001b[39m=\u001b[32m\"20\"\u001b[39m\n                  \u001b[33mstroke\u001b[39m=\u001b[32m\"currentColor\"\u001b[39m\n                  \u001b[33mstroke-linecap\u001b[39m=\u001b[32m\"round\"\u001b[39m\n                  \u001b[33mstroke-linejoin\u001b[39m=\u001b[32m\"round\"\u001b[39m\n                  \u001b[33mstroke-width\u001b[39m=\u001b[32m\"2\"\u001b[39m\n                  \u001b[33mviewBox\u001b[39m=\u001b[32m\"0 0 24 24\"\u001b[39m\n                  \u001b[33mwidth\u001b[39m=\u001b[32m\"20\"\u001b[39m\n                  \u001b[33mxmlns\u001b[39m=\u001b[32m\"http://www.w3.org/2000/svg\"\u001b[39m\n                \u001b[36m>\u001b[39m\n                  \u001b[36m<circle\u001b[39m\n                    \u001b[33mcx\u001b[39m=\u001b[32m\"8\"\u001b[39m\n                    \u001b[33mcy\u001b[39m=\u001b[32m\"21\"\u001b[39m\n                    \u001b[33mr\u001b[39m=\u001b[32m\"1\"\u001b[39m\n                  \u001b[36m/>\u001b[39m\n                  \u001b[36m<circle\u001b[39m\n                    \u001b[33mcx\u001b[39m=\u001b[32m\"19\"\u001b[39m\n                    \u001b[33mcy\u001b[39m=\u001b[32m\"21\"\u001b[39m\n                    \u001b[33mr\u001b[39m=\u001b[32m\"1\"\u001b[39m\n                  \u001b[36m/>\u001b[39m\n                  \u001b[36m<path\u001b[39m\n                    \u001b[33md\u001b[39m=\u001b[32m\"M2.05 2.05h2l2.66 12.42a2 2 0 0 0 2 1.58h9.78a2 2 0 0 0 1.95-1.57l1.65-7.43H5.12\"\u001b[...\n    at Object.getElementError (C:\\handi\\web\\node_modules\\@testing-library\\dom\\dist\\config.js:37:19)\n    at getElementError (C:\\handi\\web\\node_modules\\@testing-library\\dom\\dist\\query-helpers.js:20:35)\n    at getMultipleElementsFoundError (C:\\handi\\web\\node_modules\\@testing-library\\dom\\dist\\query-helpers.js:23:10)\n    at C:\\handi\\web\\node_modules\\@testing-library\\dom\\dist\\query-helpers.js:55:13\n    at C:\\handi\\web\\node_modules\\@testing-library\\dom\\dist\\query-helpers.js:95:19\n    at Object.<anonymous> (C:\\handi\\web\\__tests__\\ClientDashboard.test.tsx:127:19)\n    at Promise.finally.completed (C:\\handi\\web\\node_modules\\jest-circus\\build\\jestAdapterInit.js:1557:28)\n    at new Promise (<anonymous>)\n    at callAsyncCircusFn (C:\\handi\\web\\node_modules\\jest-circus\\build\\jestAdapterInit.js:1497:10)\n    at _callCircusTest (C:\\handi\\web\\node_modules\\jest-circus\\build\\jestAdapterInit.js:1007:40)\n    at processTicksAndRejections (node:internal/process/task_queues:95:5)\n    at _runTest (C:\\handi\\web\\node_modules\\jest-circus\\build\\jestAdapterInit.js:947:3)\n    at C:\\handi\\web\\node_modules\\jest-circus\\build\\jestAdapterInit.js:849:7\n    at _runTestsForDescribeBlock (C:\\handi\\web\\node_modules\\jest-circus\\build\\jestAdapterInit.js:862:11)\n    at _runTestsForDescribeBlock (C:\\handi\\web\\node_modules\\jest-circus\\build\\jestAdapterInit.js:857:11)\n    at run (C:\\handi\\web\\node_modules\\jest-circus\\build\\jestAdapterInit.js:761:3)\n    at runAndTransformResultsToJestFormat (C:\\handi\\web\\node_modules\\jest-circus\\build\\jestAdapterInit.js:1918:21)\n    at jestAdapter (C:\\handi\\web\\node_modules\\jest-circus\\build\\runner.js:101:19)\n    at runTestInternal (C:\\handi\\web\\node_modules\\jest-runner\\build\\testWorker.js:275:16)\n    at runTest (C:\\handi\\web\\node_modules\\jest-runner\\build\\testWorker.js:343:7)\n    at Object.worker (C:\\handi\\web\\node_modules\\jest-runner\\build\\testWorker.js:497:12)"],"fullName":"ClientDashboard Component renders desktop quick nav tabs","invocations":1,"location":null,"numPassingAsserts":0,"retryReasons":[],"startAt":1772273873379,"status":"failed","title":"renders desktop quick nav tabs"},{"ancestorTitles":["ClientDashboard Component"],"duration":319,"failing":false,"failureDetails":[],"failureMessages":[],"fullName":"ClientDashboard Component shows HomeTab by default","invocations":1,"location":null,"numPassingAsserts":1,"retryReasons":[],"startAt":1772273874548,"status":"passed","title":"shows HomeTab by default"},{"ancestorTitles":["ClientDashboard Component"],"duration":1771,"failing":false,"failureDetails":[],"failureMessages":[],"fullName":"ClientDashboard Component has a hamburger menu button for mobile","invocations":1,"location":null,"numPassingAsserts":1,"retryReasons":[],"startAt":1772273874868,"status":"passed","title":"has a hamburger menu button for mobile"},{"ancestorTitles":["ClientDashboard Component"],"duration":1314,"failing":false,"failureDetails":[],"failureMessages":[],"fullName":"ClientDashboard Component mobile menu renders as dropdown (not side panel)","invocations":1,"location":null,"numPassingAsserts":2,"retryReasons":[],"startAt":1772273876641,"status":"passed","title":"mobile menu renders as dropdown (not side panel)"},{"ancestorTitles":["ClientDashboard Component"],"duration":710,"failing":false,"failureDetails":[],"failureMessages":[],"fullName":"ClientDashboard Component switches tabs when clicking tab buttons","invocations":1,"location":null,"numPassingAsserts":1,"retryReasons":[],"startAt":1772273877956,"status":"passed","title":"switches tabs when clicking tab buttons"}],"endTime":1772273878950,"message":"\u001b[1m\u001b[31m  \u001b[1m● \u001b[22m\u001b[1mClientDashboard Component › renders desktop quick nav tabs\u001b[39m\u001b[22m\n\n    TestingLibraryElementError: Found multiple elements with the text: Home\n\n    Here are the matching elements:\n\n    Ignored nodes: comments, script, style\n    \u001b[36m<button\u001b[39m\n      \u001b[33mclass\u001b[39m=\u001b[32m\"quick-nav-pill cursor-pointer active\"\u001b[39m\n    \u001b[36m>\u001b[39m\n      \u001b[36m<svg\u001b[39m\n        \u001b[33maria-hidden\u001b[39m=\u001b[32m\"true\"\u001b[39m\n        \u001b[33mclass\u001b[39m=\u001b[32m\"lucide lucide-house\"\u001b[39m\n        \u001b[33mfill\u001b[39m=\u001b[32m\"none\"\u001b[39m\n        \u001b[33mheight\u001b[39m=\u001b[32m\"14\"\u001b[39m\n        \u001b[33mstroke\u001b[39m=\u001b[32m\"currentColor\"\u001b[39m\n        \u001b[33mstroke-linecap\u001b[39m=\u001b[32m\"round\"\u001b[39m\n        \u001b[33mstroke-linejoin\u001b[39m=\u001b[32m\"round\"\u001b[39m\n        \u001b[33mstroke-width\u001b[39m=\u001b[32m\"2\"\u001b[39m\n        \u001b[33mviewBox\u001b[39m=\u001b[32m\"0 0 24 24\"\u001b[39m\n        \u001b[33mwidth\u001b[39m=\u001b[32m\"14\"\u001b[39m\n        \u001b[33mxmlns\u001b[39m=\u001b[32m\"http://www.w3.org/2000/svg\"\u001b[39m\n      \u001b[36m>\u001b[39m\n        \u001b[36m<path\u001b[39m\n          \u001b[33md\u001b[39m=\u001b[32m\"M15 21v-8a1 1 0 0 0-1-1h-4a1 1 0 0 0-1 1v8\"\u001b[39m\n        \u001b[36m/>\u001b[39m\n        \u001b[36m<path\u001b[39m\n          \u001b[33md\u001b[39m=\u001b[32m\"M3 10a2 2 0 0 1 .709-1.528l7-6a2 2 0 0 1 2.582 0l7 6A2 2 0 0 1 21 10v9a2 2 0 0 1-2 2H5a2 2 0 0 1-2-2z\"\u001b[39m\n        \u001b[36m/>\u001b[39m\n      \u001b[36m</svg>\u001b[39m\n      \u001b[0mHome\u001b[0m\n    \u001b[36m</button>\u001b[39m\n\n    Ignored nodes: comments, script, style\n    \u001b[36m<span\u001b[39m\n      \u001b[33mclass\u001b[39m=\u001b[32m\"text-[10px] sm:text-xs font-medium font-bold\"\u001b[39m\n    \u001b[36m>\u001b[39m\n      \u001b[0mHome\u001b[0m\n    \u001b[36m</span>\u001b[39m\n\n    (If this is intentional, then use the `*AllBy*` variant of the query (like `queryAllByText`, `getAllByText`, or `findAllByText`)).\n\n    Ignored nodes: comments, script, style\n    \u001b[36m<body>\u001b[39m\n      \u001b[36m<div>\u001b[39m\n        \u001b[36m<div\u001b[39m\n          \u001b[33mclass\u001b[39m=\u001b[32m\"min-h-screen bg-gray-50 flex flex-col\"\u001b[39m\n        \u001b[36m>\u001b[39m\n          \u001b[36m<header\u001b[39m\n            \u001b[33mclass\u001b[39m=\u001b[32m\"bg-white border-b border-gray-100 sticky top-0 z-50\"\u001b[39m\n          \u001b[36m>\u001b[39m\n            \u001b[36m<div\u001b[39m\n              \u001b[33mclass\u001b[39m=\u001b[32m\"max-w-7xl mx-auto px-4 sm:px-6 lg:px-8\"\u001b[39m\n            \u001b[36m>\u001b[39m\n              \u001b[36m<div\u001b[39m\n                \u001b[33mclass\u001b[39m=\u001b[32m\"flex items-center justify-between h-16\"\u001b[39m\n              \u001b[36m>\u001b[39m\n                \u001b[36m<div\u001b[39m\n                  \u001b[33mclass\u001b[39m=\u001b[32m\"flex items-center gap-2 sm:gap-0\"\u001b[39m\n                \u001b[36m>\u001b[39m\n                  \u001b[36m<button\u001b[39m\n                    \u001b[33mclass\u001b[39m=\u001b[32m\"sm:hidden p-2 -ml-2 rounded-lg hover:bg-gray-100 text-gray-600 cursor-pointer\"\u001b[39m\n                  \u001b[36m>\u001b[39m\n                    \u001b[36m<svg\u001b[39m\n                      \u001b[33maria-hidden\u001b[39m=\u001b[32m\"true\"\u001b[39m\n                      \u001b[33mclass\u001b[39m=\u001b[32m\"lucide lucide-menu\"\u001b[39m\n                      \u001b[33mfill\u001b[39m=\u001b[32m\"none\"\u001b[39m\n                      \u001b[33mheight\u001b[39m=\u001b[32m\"20\"\u001b[39m\n                      \u001b[33mstroke\u001b[39m=\u001b[32m\"currentColor\"\u001b[39m\n                      \u001b[33mstroke-linecap\u001b[39m=\u001b[32m\"round\"\u001b[39m\n                      \u001b[33mstroke-linejoin\u001b[39m=\u001b[32m\"round\"\u001b[39m\n                      \u001b[33mstroke-width\u001b[39m=\u001b[32m\"2\"\u001b[39m\n                      \u001b[33mviewBox\u001b[39m=\u001b[32m\"0 0 24 24\"\u001b[39m\n                      \u001b[33mwidth\u001b[39m=\u001b[32m\"20\"\u001b[39m\n                      \u001b[33mxmlns\u001b[39m=\u001b[32m\"http://www.w3.org/2000/svg\"\u001b[39m\n                    \u001b[36m>\u001b[39m\n                      \u001b[36m<path\u001b[39m\n                        \u001b[33md\u001b[39m=\u001b[32m\"M4 5h16\"\u001b[39m\n                      \u001b[36m/>\u001b[39m\n                      \u001b[36m<path\u001b[39m\n                        \u001b[33md\u001b[39m=\u001b[32m\"M4 12h16\"\u001b[39m\n                      \u001b[36m/>\u001b[39m\n                      \u001b[36m<path\u001b[39m\n                        \u001b[33md\u001b[39m=\u001b[32m\"M4 19h16\"\u001b[39m\n                      \u001b[36m/>\u001b[39m\n                    \u001b[36m</svg>\u001b[39m\n                  \u001b[36m</button>\u001b[39m\n                  \u001b[36m<button\u001b[39m\n                    \u001b[33mclass\u001b[39m=\u001b[32m\"shrink-0 cursor-pointer\"\u001b[39m\n                  \u001b[36m>\u001b[39m\n                    \u001b[36m<img\u001b[39m\n                      \u001b[33malt\u001b[39m=\u001b[32m\"HANDI\"\u001b[39m\n                      \u001b[33mclass\u001b[39m=\u001b[32m\"h-8 w-auto\"\u001b[39m\n                      \u001b[33mheight\u001b[39m=\u001b[32m\"36\"\u001b[39m\n                      \u001b[33msrc\u001b[39m=\u001b[32m\"/images/handi-logo-light.png\"\u001b[39m\n                      \u001b[33mwidth\u001b[39m=\u001b[32m\"110\"\u001b[39m\n                    \u001b[36m/>\u001b[39m\n                  \u001b[36m</button>\u001b[39m\n                \u001b[36m</div>\u001b[39m\n                \u001b[36m<div\u001b[39m\n                  \u001b[33mclass\u001b[39m=\u001b[32m\"hidden sm:flex flex-1 max-w-xl mx-6 relative\"\u001b[39m\n                \u001b[36m>\u001b[39m\n                  \u001b[36m<svg\u001b[39m\n                    \u001b[33maria-hidden\u001b[39m=\u001b[32m\"true\"\u001b[39m\n                    \u001b[33mclass\u001b[39m=\u001b[32m\"lucide lucide-search absolute left-3.5 top-1/2 -translate-y-1/2 text-gray-400\"\u001b[39m\n                    \u001b[33mfill\u001b[39m=\u001b[32m\"none\"\u001b[39m\n                    \u001b[33mheight\u001b[39m=\u001b[32m\"18\"\u001b[39m\n                    \u001b[33mstroke\u001b[39m=\u001b[32m\"currentColor\"\u001b[39m\n                    \u001b[33mstroke-linecap\u001b[39m=\u001b[32m\"round\"\u001b[39m\n                    \u001b[33mstroke-linejoin\u001b[39m=\u001b[32m\"round\"\u001b[39m\n                    \u001b[33mstroke-width\u001b[39m=\u001b[32m\"2\"\u001b[39m\n                    \u001b[33mviewBox\u001b[39m=\u001b[32m\"0 0 24 24\"\u001b[39m\n                    \u001b[33mwidth\u001b[39m=\u001b[32m\"18\"\u001b[39m\n                    \u001b[33mxmlns\u001b[39m=\u001b[32m\"http://www.w3.org/2000/svg\"\u001b[39m\n                  \u001b[36m>\u001b[39m\n                    \u001b[36m<path\u001b[39m\n                      \u001b[33md\u001b[39m=\u001b[32m\"m21 21-4.34-4.34\"\u001b[39m\n                    \u001b[36m/>\u001b[39m\n                    \u001b[36m<circle\u001b[39m\n                      \u001b[33mcx\u001b[39m=\u001b[32m\"11\"\u001b[39m\n                      \u001b[33mcy\u001b[39m=\u001b[32m\"11\"\u001b[39m\n                      \u001b[33mr\u001b[39m=\u001b[32m\"8\"\u001b[39m\n                    \u001b[36m/>\u001b[39m\n                  \u001b[36m</svg>\u001b[39m\n                  \u001b[36m<input\u001b[39m\n                    \u001b[33mclass\u001b[39m=\u001b[32m\"w-full pl-10 pr-4 py-2.5 bg-gray-50 border border-gray-200 rounded-full text-sm outline-none focus:ring-2 focus:ring-(--color-primary) focus:border-transparent\"\u001b[39m\n                    \u001b[33mplaceholder\u001b[39m=\u001b[32m\"Search services, providers...\"\u001b[39m\n                    \u001b[33mtype\u001b[39m=\u001b[32m\"text\"\u001b[39m\n                    \u001b[33mvalue\u001b[39m=\u001b[32m\"\"\u001b[39m\n                  \u001b[36m/>\u001b[39m\n                \u001b[36m</div>\u001b[39m\n                \u001b[36m<div\u001b[39m\n                  \u001b[33mclass\u001b[39m=\u001b[32m\"flex items-center gap-1.5 sm:gap-3\"\u001b[39m\n                \u001b[36m>\u001b[39m\n                  \u001b[36m<button\u001b[39m\n                    \u001b[33mclass\u001b[39m=\u001b[32m\"p-2 rounded-full hover:bg-gray-100 transition-colors\"\u001b[39m\n                    \u001b[33mtitle\u001b[39m=\u001b[32m\"Dark Mode\"\u001b[39m\n                  \u001b[36m>\u001b[39m\n                    \u001b[36m<svg\u001b[39m\n                      \u001b[33maria-hidden\u001b[39m=\u001b[32m\"true\"\u001b[39m\n                      \u001b[33mclass\u001b[39m=\u001b[32m\"lucide lucide-moon text-gray-600\"\u001b[39m\n                      \u001b[33mfill\u001b[39m=\u001b[32m\"none\"\u001b[39m\n                      \u001b[33mheight\u001b[39m=\u001b[32m\"20\"\u001b[39m\n                      \u001b[33mstroke\u001b[39m=\u001b[32m\"currentColor\"\u001b[39m\n                      \u001b[33mstroke-linecap\u001b[39m=\u001b[32m\"round\"\u001b[39m\n                      \u001b[33mstroke-linejoin\u001b[39m=\u001b[32m\"round\"\u001b[39m\n                      \u001b[33mstroke-width\u001b[39m=\u001b[32m\"2\"\u001b[39m\n                      \u001b[33mviewBox\u001b[39m=\u001b[32m\"0 0 24 24\"\u001b[39m\n                      \u001b[33mwidth\u001b[39m=\u001b[32m\"20\"\u001b[39m\n                      \u001b[33mxmlns\u001b[39m=\u001b[32m\"http://www.w3.org/2000/svg\"\u001b[39m\n                    \u001b[36m>\u001b[39m\n                      \u001b[36m<path\u001b[39m\n                        \u001b[33md\u001b[39m=\u001b[32m\"M20.985 12.486a9 9 0 1 1-9.473-9.472c.405-.022.617.46.402.803a6 6 0 0 0 8.268 8.268c.344-.215.825-.004.803.401\"\u001b[39m\n                      \u001b[36m/>\u001b[39m\n                    \u001b[36m</svg>\u001b[39m\n                  \u001b[36m</button>\u001b[39m\n                  \u001b[36m<button\u001b[39m\n                    \u001b[33mclass\u001b[39m=\u001b[32m\"relative p-2 rounded-full hover:bg-gray-100 transition-colors\"\u001b[39m\n                    \u001b[33mtitle\u001b[39m=\u001b[32m\"Cart\"\u001b[39m\n                  \u001b[36m>\u001b[39m\n                    \u001b[36m<svg\u001b[39m\n                      \u001b[33maria-hidden\u001b[39m=\u001b[32m\"true\"\u001b[39m\n                      \u001b[33mclass\u001b[39m=\u001b[32m\"lucide lucide-shopping-cart text-gray-600\"\u001b[39m\n                      \u001b[33mfill\u001b[39m=\u001b[32m\"none\"\u001b[39m\n                      \u001b[33mheight\u001b[39m=\u001b[32m\"20\"\u001b[39m\n                      \u001b[33mstroke\u001b[39m=\u001b[32m\"currentColor\"\u001b[39m\n                      \u001b[33mstroke-linecap\u001b[39m=\u001b[32m\"round\"\u001b[39m\n                      \u001b[33mstroke-linejoin\u001b[39m=\u001b[32m\"round\"\u001b[39m\n                      \u001b[33mstroke-width\u001b[39m=\u001b[32m\"2\"\u001b[39m\n                      \u001b[33mviewBox\u001b[39m=\u001b[32m\"0 0 24 24\"\u001b[39m\n                      \u001b[33mwidth\u001b[39m=\u001b[32m\"20\"\u001b[39m\n                      \u001b[33mxmlns\u001b[39m=\u001b[32m\"http://www.w3.org/2000/svg\"\u001b[39m\n                    \u001b[36m>\u001b[39m\n                      \u001b[36m<circle\u001b[39m\n                        \u001b[33mcx\u001b[39m=\u001b[32m\"8\"\u001b[39m\n                        \u001b[33mcy\u001b[39m=\u001b[32m\"21\"\u001b[39m\n                        \u001b[33mr\u001b[39m=\u001b[32m\"1\"\u001b[39m\n                      \u001b[36m/>\u001b[39m\n                      \u001b[36m<circle\u001b[39m\n                        \u001b[33mcx\u001b[39m=\u001b[32m\"19\"\u001b[39m\n                        \u001b[33mcy\u001b[39m=\u001b[32m\"21\"\u001b[39m\n                        \u001b[33mr\u001b[39m=\u001b[32m\"1\"\u001b[39m\n                      \u001b[36m/>\u001b[39m\n                      \u001b[36m<path\u001b[39m\n                        \u001b[33md\u001b[39m=\u001b[32m\"M2.05 2.05h2l2.66 12.42a2 2 0 0 0 2 1.58h9.78a2 2 0 0 0 1.95-1.57l1.65-7.43H5.12\"\u001b[...\n\u001b[2m\u001b[22m\n\u001b[2m    \u001b[0m \u001b[90m 125 |\u001b[39m     render(\u001b[33m<\u001b[39m\u001b[33mClientDashboard\u001b[39m \u001b[33m/\u001b[39m\u001b[33m>\u001b[39m)\u001b[33m;\u001b[39m\u001b[22m\n\u001b[2m     \u001b[90m 126 |\u001b[39m     \u001b[90m// The desktop tabs should exist (hidden on mobile via CSS)\u001b[39m\u001b[22m\n\u001b[2m    \u001b[31m\u001b[1m>\u001b[22m\u001b[2m\u001b[39m\u001b[90m 127 |\u001b[39m     expect(screen\u001b[33m.\u001b[39mgetByText(\u001b[32m\"Home\"\u001b[39m))\u001b[33m.\u001b[39mtoBeInTheDocument()\u001b[33m;\u001b[39m\u001b[22m\n\u001b[2m     \u001b[90m     |\u001b[39m                   \u001b[31m\u001b[1m^\u001b[22m\u001b[2m\u001b[39m\u001b[22m\n\u001b[2m     \u001b[90m 128 |\u001b[39m     expect(screen\u001b[33m.\u001b[39mgetByText(\u001b[32m\"Find Services\"\u001b[39m))\u001b[33m.\u001b[39mtoBeInTheDocument()\u001b[33m;\u001b[39m\u001b[22m\n\u001b[2m     \u001b[90m 129 |\u001b[39m     expect(screen\u001b[33m.\u001b[39mgetByText(\u001b[32m\"Shop\"\u001b[39m))\u001b[33m.\u001b[39mtoBeInTheDocument()\u001b[33m;\u001b[39m\u001b[22m\n\u001b[2m     \u001b[90m 130 |\u001b[39m   })\u001b[33m;\u001b[39m\u001b[0m\u001b[22m\n\u001b[2m\u001b[22m\n\u001b[2m      \u001b[2mat Object.getElementError (\u001b[22m\u001b[2mnode_modules/@testing-library/dom/dist/config.js\u001b[2m:37:19)\u001b[22m\u001b[2m\u001b[22m\n\u001b[2m      \u001b[2mat getElementError (\u001b[22m\u001b[2mnode_modules/@testing-library/dom/dist/query-helpers.js\u001b[2m:20:35)\u001b[22m\u001b[2m\u001b[22m\n\u001b[2m      \u001b[2mat getMultipleElementsFoundError (\u001b[22m\u001b[2mnode_modules/@testing-library/dom/dist/query-helpers.js\u001b[2m:23:10)\u001b[22m\u001b[2m\u001b[22m\n\u001b[2m      \u001b[2mat \u001b[22m\u001b[2mnode_modules/@testing-library/dom/dist/query-helpers.js\u001b[2m:55:13\u001b[22m\u001b[2m\u001b[22m\n\u001b[2m      \u001b[2mat \u001b[22m\u001b[2mnode_modules/@testing-library/dom/dist/query-helpers.js\u001b[2m:95:19\u001b[22m\u001b[2m\u001b[22m\n\u001b[2m      \u001b[2mat Object.<anonymous> (\u001b[22m\u001b[2m\u001b[0m\u001b[36m__tests__/ClientDashboard.test.tsx\u001b[39m\u001b[0m\u001b[2m:127:19)\u001b[22m\u001b[2m\u001b[22m\n","name":"C:\\handi\\web\\__tests__\\ClientDashboard.test.tsx","startTime":1772273860225,"status":"failed","summary":""},{"assertionResults":[{"ancestorTitles":["Navbar Component","When user is logged out (Landing Page)"],"duration":359,"failing":false,"failureDetails":[],"failureMessages":[],"fullName":"Navbar Component When user is logged out (Landing Page) renders the HANDI logo","invocations":1,"location":null,"numPassingAsserts":1,"retryReasons":[],"startAt":1772273882127,"status":"passed","title":"renders the HANDI logo"},{"ancestorTitles":["Navbar Component","When user is logged out (Landing Page)"],"duration":126,"failing":false,"failureDetails":[],"failureMessages":[],"fullName":"Navbar Component When user is logged out (Landing Page) renders Log In and Sign Up buttons instead of Account","invocations":1,"location":null,"numPassingAsserts":3,"retryReasons":[],"startAt":1772273882488,"status":"passed","title":"renders Log In and Sign Up buttons instead of Account"},{"ancestorTitles":["Navbar Component","When user is logged out (Landing Page)"],"duration":236,"failing":false,"failureDetails":[],"failureMessages":[],"fullName":"Navbar Component When user is logged out (Landing Page) renders navigation links","invocations":1,"location":null,"numPassingAsserts":3,"retryReasons":[],"startAt":1772273882617,"status":"passed","title":"renders navigation links"},{"ancestorTitles":["Navbar Component","When user is logged out (Landing Page)"],"duration":148,"failing":false,"failureDetails":[],"failureMessages":[],"fullName":"Navbar Component When user is logged out (Landing Page) Log In link points to /login","invocations":1,"location":null,"numPassingAsserts":1,"retryReasons":[],"startAt":1772273882854,"status":"passed","title":"Log In link points to /login"},{"ancestorTitles":["Navbar Component","When user is logged out (Landing Page)"],"duration":146,"failing":false,"failureDetails":[],"failureMessages":[],"fullName":"Navbar Component When user is logged out (Landing Page) Sign Up link points to /signup","invocations":1,"location":null,"numPassingAsserts":1,"retryReasons":[],"startAt":1772273883003,"status":"passed","title":"Sign Up link points to /signup"}],"endTime":1772273883159,"message":"","name":"C:\\handi\\web\\__tests__\\Navbar.test.tsx","startTime":1772273877662,"status":"passed","summary":""}],"wasInterrupted":false}
